<?xml version="1.0" encoding="UTF-8"?>
<!-- Generated by org.testng.reporters.JUnitReportReporter -->
<testsuite hostname="LAPTOP-AG516FS1" failures="0" tests="2" name="Tests.LoginTest" time="16.069" errors="0" timestamp="2021-09-20T20:19:38 IST" skipped="0">
  <testcase classname="Tests.LoginTest" name="Logintest" time="8.445"/>
  <system-out/>
  <testcase classname="Tests.LoginTest" name="HomePageTest" time="7.624"/>
  <system-out/>
</testsuite> <!-- Tests.LoginTest -->
