<?xml version="1.0" encoding="UTF-8"?>
<!-- Generated by org.testng.reporters.JUnitReportReporter -->
<testsuite hostname="LAPTOP-AG516FS1" failures="0" tests="2" name="insuranceMotorcycle.EndToEndTest_Motorcycle" time="2.373" errors="0" timestamp="2022-01-25T14:25:46 IST" skipped="0">
  <testcase classname="insuranceMotorcycle.EndToEndTest_Motorcycle" name="insuranceCalculate" time="2.362"/>
  <system-out/>
  <testcase classname="insuranceMotorcycle.EndToEndTest_Motorcycle" name="EnterInsurantDataFields" time="0.011"/>
  <system-out/>
</testsuite> <!-- insuranceMotorcycle.EndToEndTest_Motorcycle -->
