<?xml version="1.0" encoding="UTF-8"?>
<!-- Generated by org.testng.reporters.JUnitReportReporter -->
<testsuite hostname="LAPTOP-AG516FS1" failures="0" tests="2" name="insuranceMotorcycle.EndToEndTest_Motorcycle" time="8.959" errors="0" timestamp="2022-01-25T15:04:42 IST" skipped="0">
  <testcase classname="insuranceMotorcycle.EndToEndTest_Motorcycle" name="EnterInsurantDataFields" time="0.009"/>
  <system-out/>
  <testcase classname="insuranceMotorcycle.EndToEndTest_Motorcycle" name="userSearch" time="8.950"/>
  <system-out/>
</testsuite> <!-- insuranceMotorcycle.EndToEndTest_Motorcycle -->
