<?xml version="1.0" encoding="UTF-8"?>
<!-- Generated by org.testng.reporters.JUnitReportReporter -->
<testsuite hostname="LAPTOP-AG516FS1" failures="0" tests="2" name="Tests.LoginandAddToCart" time="18.199" errors="0" timestamp="2021-09-20T22:05:22 IST" skipped="0">
  <testcase classname="Tests.LoginandAddToCart" name="Logintest" time="9.503"/>
  <system-out/>
  <testcase classname="Tests.LoginandAddToCart" name="HomePageTest" time="8.696"/>
  <system-out/>
</testsuite> <!-- Tests.LoginandAddToCart -->
