<?xml version="1.0" encoding="UTF-8"?>
<!-- Generated by org.testng.reporters.JUnitReportReporter -->
<testsuite hostname="LAPTOP-AG516FS1" failures="0" tests="2" name="Tests.LoginandAddToCart" time="17.027" errors="0" timestamp="2021-09-20T20:54:34 IST" skipped="0">
  <testcase classname="Tests.LoginandAddToCart" name="Logintest" time="8.480"/>
  <system-out/>
  <testcase classname="Tests.LoginandAddToCart" name="HomePageTest" time="8.547"/>
  <system-out/>
</testsuite> <!-- Tests.LoginandAddToCart -->
